[T|200610 19:55:01|src/sbi_client.rs:150] Receiving data
[T|200610 19:55:01|src/sbi_client.rs:158] Sending data
[T|200610 19:55:01|src/sbi_client.rs:165] Sending data
[T|200610 19:55:01|src/sbi_client.rs:168] Receiving message
[T|200610 19:55:01|src/sbi_client.rs:177] Got aes_key
[T|200610 19:55:02|src/sbi_client.rs:191] Sending data
[T|200610 19:55:02|src/sbi_client.rs:194] Receiving message
[T|200610 19:55:02|src/sbi_client.rs:196] Receiving message
[D|200610 19:55:02|src/sbi_client.rs:356] Poll event tcp_stream.readable
[D|200610 19:55:02|src/sbi_client.rs:365] Message received.
[T|200610 19:55:02|src/sbi_client.rs:366] message: [32, 32, 32, 32, 32, 32, 32, 32, 32, 32, 32, 32, 32, 32, 32, 32, 32, 32, 32, 32, 32, 32, 32, 32, 32, 32, 32, 32, 32, 32, 32, 32, 32, 32, 32, 32, 32, 32, 32, 32, 32, 32, 32, 32, 32, 32, 32, 32, 32, 32, 32, 32, 32, 32, 32, 32, 32, 32, 32, 32, 32, 32, 32, 32, 32, 32, 32, 32, 32, 32, 32, 32, 32, 32, 32, 32, 32, 32, 32, 32, 32, 32, 32, 32, 49, 51, 53, 55, 32, 32, 32, 32, 32, 32, 130, 109, 130, 100, 130, 119, 130, 115, 129, 64, 130, 101, 130, 116, 130, 109, 130, 99, 130, 114, 80, 84, 83, 32, 32, 32, 32, 32, 32, 32, 32, 32, 80, 84, 83, 32, 32, 32, 32, 32, 32, 32, 32, 32, 32, 32, 32, 32, 32, 32, 32, 32, 32, 32, 32, 32, 32, 32, 32, 32, 32, 32, 32, 32, 32, 32, 32, 32, 32, 32, 32, 32, 32, 32, 32, 32, 32, 32, 32, 32, 55, 53, 57, 32, 32, 32, 32, 32, 32, 32, 32, 55, 55, 50, 46, 57, 32, 32, 32, 32, 32, 32, 55, 55, 50, 46, 52, 32, 32, 32, 32, 32, 32, 55, 55, 50, 46, 51, 32, 32, 32, 32, 32, 32, 55, 55, 50, 46, 50, 32, 32, 32, 32, 32, 32, 55, 55, 50, 46, 49, 32, 32, 32, 32, 32, 32, 55, 55, 50, 46, 48, 32, 32, 32, 32, 32, 32, 55, 55, 51, 46, 48, 32, 32, 32, 32, 32, 32, 55, 55, 52, 46, 51, 32, 32, 32, 32, 32, 32, 55, 55, 52, 46, 54, 32, 32, 32, 32, 32, 32, 55, 55, 52, 46, 56, 32, 32, 32, 32, 32, 32, 55, 55, 52, 46, 57, 32, 32, 32, 32, 32, 32, 49, 48, 48, 54, 48, 32, 32, 32, 32, 32, 32, 49, 48, 48, 48, 48, 32, 32, 32, 32, 32, 32, 32, 32, 50, 55, 48, 32, 32, 32, 32, 32, 32, 32, 50, 48, 48, 48, 32, 32, 32, 32, 32, 32, 32, 50, 55, 49, 48, 32, 32, 32, 32, 32, 32, 32, 49, 48, 53, 48, 32, 32, 32, 32, 32, 32, 32, 32, 49, 48, 48, 32, 32, 32, 32, 32, 32, 32, 32, 51, 48, 48, 32, 32, 32, 32, 32, 32, 32, 32, 49, 48, 48, 32, 32, 32, 32, 32, 32, 32, 50, 53, 48, 48, 32, 32, 32, 32, 32, 32, 32, 32, 32, 32, 32, 32, 32, 32, 32, 32, 32, 32, 32, 32, 32, 32, 32, 32, 32, 32, 32, 32, 32, 32, 32, 32, 32, 32, 32, 32, 32, 32, 32, 32, 32, 32, 32, 32, 32, 32, 32, 32]
[D|200610 19:55:02|src/sbi_client.rs:570] Received initial current pts order book
[D|200610 19:55:02|src/sbi_client.rs:947] getting Initial PTS Board stock_code = 1357 exchange_code = PTS
[I|200610 19:55:02|src/sbi_client.rs:1281] Starting new order_book. ("PTS", "1357")
[I|200610 19:55:02|src/sbi_client.rs:1258] Starting new recorder. ("PTS", "1357", Date { year: 2020, month: 6, day: 10 })
[D|200610 19:55:02|src/sbi_client.rs:1312] - s HandleNewOrders
[D|200610 19:55:02|src/sbi_client.rs:1322] - e HandleNewOrders
[D|200610 19:55:04|src/sbi_client.rs:356] Poll event tcp_stream.readable
[D|200610 19:55:04|src/sbi_client.rs:365] Message received.
[T|200610 19:55:04|src/sbi_client.rs:366] message: [32, 67, 76, 83, 81, 65, 46, 32, 32, 32, 32, 32, 32, 32, 32, 32, 32, 32, 32, 32, 32, 32, 32, 83, 81, 65, 46, 49, 51, 53, 55, 32, 32, 32, 32, 32, 32, 80, 84, 83, 32, 32, 32, 32, 32, 32, 32, 32, 32, 49, 57, 53, 53, 32, 32, 32, 32, 32, 55, 55, 50, 46, 52, 32, 32, 32, 32, 55, 55, 50, 46, 51, 32, 32, 32, 32, 55, 55, 50, 46, 50, 32, 32, 32, 32, 55, 55, 50, 46, 49, 32, 32, 32, 32, 55, 55, 50, 46, 48, 32, 32, 32, 32, 32, 32, 32, 32, 32, 32, 32, 32, 32, 32, 32, 32, 32, 32, 32, 32, 32, 32, 32, 32, 32, 32, 32, 32, 32, 32, 32, 32, 32, 32, 32, 32, 32, 32, 32, 32, 32, 32, 32, 32, 32, 32, 32, 32, 32, 32, 32, 32, 56, 48, 54, 48, 32, 32, 32, 32, 32, 32, 49, 48, 48, 48, 48, 32, 32, 32, 32, 32, 32, 32, 32, 50, 55, 48, 32, 32, 32, 32, 32, 32, 32, 50, 48, 48, 48, 32, 32, 32, 32, 32, 32, 32, 50, 55, 49, 48, 32, 32, 32, 32, 32, 32, 32, 32, 32, 32, 32, 32, 32, 32, 32, 32, 32, 32, 32, 32, 32, 32, 32, 32, 32, 32, 32, 32, 32, 32, 32, 32, 32, 32, 32, 32, 32, 32, 32, 32, 32, 32, 32, 32, 32, 32, 32, 32, 32, 32, 32, 32, 32, 32, 32, 49, 57, 53, 53, 32, 32, 32, 32, 32, 55, 55, 51, 46, 48, 32, 32, 32, 32, 55, 55, 52, 46, 51, 32, 32, 32, 32, 55, 55, 52, 46, 54, 32, 32, 32, 32, 55, 55, 52, 46, 56, 32, 32, 32, 32, 55, 55, 52, 46, 57, 32, 32, 32, 32, 32, 32, 32, 32, 32, 32, 32, 32, 32, 32, 32, 32, 32, 32, 32, 32, 32, 32, 32, 32, 32, 32, 32, 32, 32, 32, 32, 32, 32, 32, 32, 32, 32, 32, 32, 32, 32, 32, 32, 32, 32, 32, 32, 32, 32, 32, 32, 32, 49, 48, 53, 48, 32, 32, 32, 32, 32, 32, 32, 32, 49, 48, 48, 32, 32, 32, 32, 32, 32, 32, 32, 51, 48, 48, 32, 32, 32, 32, 32, 32, 32, 32, 49, 48, 48, 32, 32, 32, 32, 32, 32, 32, 50, 53, 48, 48, 32, 32, 32, 32, 32, 32, 32, 32, 32, 32, 32, 32, 32, 32, 32, 32, 32, 32, 32, 32, 32, 32, 32, 32, 32, 32, 32, 32, 32, 32, 32, 32, 32, 32, 32, 32, 32, 32, 32, 32, 32, 32, 32, 32, 32, 32, 32, 32, 32, 32, 32, 32, 32, 32, 32, 32, 32, 32, 32, 32, 32, 32, 32, 32, 32, 32, 32, 32, 32, 32, 32, 32, 32, 32, 32, 32, 32, 32, 32, 32, 32, 32, 32, 32, 32, 32, 32, 32, 32, 32, 32, 32, 32, 32, 32, 32, 32, 32, 32, 32, 32, 32, 32, 32, 32, 32, 32, 32, 32, 32, 32, 32, 32, 32, 32, 32, 32, 32, 32, 32, 32, 32, 32, 32, 32, 32, 32, 32, 32, 32, 32, 32, 32, 32, 32, 32, 32, 32, 32, 32, 32, 32, 32, 32, 32, 32, 32, 32, 32, 32, 32]
[D|200610 19:55:04|src/sbi_client.rs:583] Received current PTS order book
[D|200610 19:55:04|src/sbi_client.rs:724] stock_code = 1357 exchange_code = PTS some_num1 = 1955 some_num2 = 1955 'none1 = ' 'none2 = '
[D|200610 19:55:04|src/sbi_client.rs:1312] - s HandleNewOrders
[D|200610 19:55:04|src/sbi_client.rs:1322] - e HandleNewOrders
